[13:28:15] [main/INFO]: Loading for game Minecraft 1.16.5
[13:28:15] [main/INFO]: [FabricLoader] Loading 4 mods: minecraft@1.16.5, java@11, fabricloader@0.11.1, phosphor@0.7.1+build.11
[13:28:15] [main/INFO]: SpongePowered MIXIN Subsystem Version=0.8.2 Source=file:/C:/Users/Julian%20Anzelc/Desktop/Minecraft%20server/fabric-server-launch.jar Service=Knot/Fabric Env=SERVER
[13:28:35] [main/INFO]: Environment: authHost='https://authserver.mojang.com', accountsHost='https://api.mojang.com', sessionHost='https://sessionserver.mojang.com', servicesHost='https://api.minecraftservices.com', name='PROD'
[13:28:38] [main/WARN]: Ambiguity between arguments [teleport, destination] and [teleport, targets] with inputs: [Player, 0123, @e, dd12be42-52a9-4a91-a8a1-11c01849e498]
[13:28:38] [main/WARN]: Ambiguity between arguments [teleport, location] and [teleport, destination] with inputs: [0.1 -0.5 .9, 0 0 0]
[13:28:38] [main/WARN]: Ambiguity between arguments [teleport, location] and [teleport, targets] with inputs: [0.1 -0.5 .9, 0 0 0]
[13:28:38] [main/WARN]: Ambiguity between arguments [teleport, targets] and [teleport, destination] with inputs: [Player, 0123, dd12be42-52a9-4a91-a8a1-11c01849e498]
[13:28:38] [main/WARN]: Ambiguity between arguments [teleport, targets, location] and [teleport, targets, destination] with inputs: [0.1 -0.5 .9, 0 0 0]
[13:28:38] [main/INFO]: Reloading ResourceManager: Default
[13:28:41] [Worker-Main-13/INFO]: Loaded 7 recipes
[13:28:42] [Worker-Main-13/INFO]: Loaded 927 advancements
[13:28:47] [Server thread/INFO]: Starting minecraft server version 1.16.5
[13:28:47] [Server thread/INFO]: Loading properties
[13:28:47] [Server thread/INFO]: Default game type: SURVIVAL
[13:28:47] [Server thread/INFO]: Generating keypair
[13:28:48] [Server thread/INFO]: Starting Minecraft server on *:25565
[13:28:48] [Server thread/INFO]: Using default channel type
[13:28:50] [Server thread/INFO]: Preparing level "world"
[13:29:07] [Server thread/INFO]: Preparing start region for dimension minecraft:overworld
[13:29:43] [Worker-Main-8/INFO]: Preparing spawn area: 0%
[13:29:43] [Worker-Main-9/INFO]: Preparing spawn area: 0%
[13:29:44] [Worker-Main-9/INFO]: Preparing spawn area: 0%
[13:29:44] [Worker-Main-11/INFO]: Preparing spawn area: 0%
[13:29:45] [Worker-Main-12/INFO]: Preparing spawn area: 0%
[13:29:45] [Worker-Main-9/INFO]: Preparing spawn area: 0%
[13:29:46] [Worker-Main-12/INFO]: Preparing spawn area: 1%
[13:29:46] [Worker-Main-14/INFO]: Preparing spawn area: 2%
[13:29:47] [Worker-Main-13/INFO]: Preparing spawn area: 3%
[13:29:47] [Worker-Main-13/INFO]: Preparing spawn area: 3%
[13:29:48] [Worker-Main-11/INFO]: Preparing spawn area: 6%
[13:29:48] [Worker-Main-8/INFO]: Preparing spawn area: 7%
[13:29:49] [Worker-Main-9/INFO]: Preparing spawn area: 9%
[13:29:49] [Worker-Main-8/INFO]: Preparing spawn area: 10%
[13:29:50] [Worker-Main-9/INFO]: Preparing spawn area: 11%
[13:29:50] [Worker-Main-13/INFO]: Preparing spawn area: 13%
[13:29:51] [Worker-Main-9/INFO]: Preparing spawn area: 15%
[13:29:51] [Worker-Main-10/INFO]: Preparing spawn area: 15%
[13:29:52] [Worker-Main-11/INFO]: Preparing spawn area: 17%
[13:29:52] [Worker-Main-13/INFO]: Preparing spawn area: 19%
[13:29:53] [Worker-Main-11/INFO]: Preparing spawn area: 20%
[13:29:53] [Worker-Main-12/INFO]: Preparing spawn area: 20%
[13:29:54] [Worker-Main-8/INFO]: Preparing spawn area: 22%
[13:29:54] [Worker-Main-14/INFO]: Preparing spawn area: 22%
[13:29:55] [Worker-Main-11/INFO]: Preparing spawn area: 26%
[13:29:55] [Worker-Main-8/INFO]: Preparing spawn area: 27%
[13:29:56] [Worker-Main-14/INFO]: Preparing spawn area: 27%
[13:29:56] [Worker-Main-8/INFO]: Preparing spawn area: 27%
[13:29:57] [Worker-Main-12/INFO]: Preparing spawn area: 31%
[13:29:57] [Worker-Main-12/INFO]: Preparing spawn area: 31%
[13:29:58] [Worker-Main-14/INFO]: Preparing spawn area: 31%
[13:29:58] [Worker-Main-8/INFO]: Preparing spawn area: 31%
[13:29:59] [Worker-Main-13/INFO]: Preparing spawn area: 31%
[13:29:59] [Worker-Main-14/INFO]: Preparing spawn area: 31%
[13:30:00] [Worker-Main-13/INFO]: Preparing spawn area: 37%
[13:30:00] [Worker-Main-9/INFO]: Preparing spawn area: 37%
[13:30:01] [Worker-Main-8/INFO]: Preparing spawn area: 37%
[13:30:01] [Worker-Main-13/INFO]: Preparing spawn area: 37%
[13:30:02] [Worker-Main-13/INFO]: Preparing spawn area: 43%
[13:30:02] [Worker-Main-10/INFO]: Preparing spawn area: 43%
[13:30:03] [Worker-Main-14/INFO]: Preparing spawn area: 43%
[13:30:03] [Worker-Main-13/INFO]: Preparing spawn area: 43%
[13:30:04] [Worker-Main-14/INFO]: Preparing spawn area: 43%
[13:30:04] [Worker-Main-12/INFO]: Preparing spawn area: 43%
[13:30:05] [Worker-Main-11/INFO]: Preparing spawn area: 43%
[13:30:06] [Worker-Main-14/INFO]: Preparing spawn area: 43%
[13:30:06] [Worker-Main-13/INFO]: Preparing spawn area: 43%
[13:30:06] [Worker-Main-13/INFO]: Preparing spawn area: 43%
[13:30:07] [Worker-Main-14/INFO]: Preparing spawn area: 55%
[13:30:07] [Worker-Main-13/INFO]: Preparing spawn area: 55%
[13:30:08] [Worker-Main-13/INFO]: Preparing spawn area: 55%
[13:30:08] [Worker-Main-9/INFO]: Preparing spawn area: 55%
[13:30:09] [Worker-Main-9/INFO]: Preparing spawn area: 55%
[13:30:09] [Worker-Main-13/INFO]: Preparing spawn area: 59%
[13:30:12] [Worker-Main-14/INFO]: Preparing spawn area: 59%
[13:30:12] [Worker-Main-13/INFO]: Preparing spawn area: 59%
[13:30:12] [Worker-Main-13/INFO]: Preparing spawn area: 59%
[13:30:12] [Worker-Main-13/INFO]: Preparing spawn area: 59%
[13:30:13] [Worker-Main-10/INFO]: Preparing spawn area: 66%
[13:30:13] [Worker-Main-13/INFO]: Preparing spawn area: 66%
[13:30:13] [Worker-Main-13/INFO]: Preparing spawn area: 66%
[13:30:13] [Worker-Main-8/INFO]: Preparing spawn area: 68%
[13:30:14] [Worker-Main-10/INFO]: Preparing spawn area: 69%
[13:30:14] [Worker-Main-10/INFO]: Preparing spawn area: 69%
[13:30:15] [Worker-Main-14/INFO]: Preparing spawn area: 72%
[13:30:15] [Worker-Main-14/INFO]: Preparing spawn area: 74%
[13:30:16] [Worker-Main-8/INFO]: Preparing spawn area: 75%
[13:30:18] [Worker-Main-8/INFO]: Preparing spawn area: 77%
[13:30:18] [Worker-Main-13/INFO]: Preparing spawn area: 77%
[13:30:18] [Worker-Main-13/INFO]: Preparing spawn area: 77%
[13:30:18] [Worker-Main-9/INFO]: Preparing spawn area: 83%
[13:30:18] [Worker-Main-8/INFO]: Preparing spawn area: 83%
[13:30:19] [Worker-Main-11/INFO]: Preparing spawn area: 85%
[13:30:19] [Worker-Main-8/INFO]: Preparing spawn area: 86%
[13:30:22] [Worker-Main-12/INFO]: Preparing spawn area: 86%
[13:30:22] [Worker-Main-12/INFO]: Preparing spawn area: 86%
[13:30:22] [Worker-Main-8/INFO]: Preparing spawn area: 86%
[13:30:22] [Worker-Main-8/INFO]: Preparing spawn area: 86%
[13:30:23] [Worker-Main-9/INFO]: Preparing spawn area: 93%
[13:30:23] [Worker-Main-8/INFO]: Preparing spawn area: 93%
[13:30:23] [Worker-Main-8/INFO]: Preparing spawn area: 93%
[13:30:23] [Worker-Main-8/INFO]: Preparing spawn area: 93%
[13:30:23] [Server thread/INFO]: Time elapsed: 40694 ms
[13:30:23] [Server thread/INFO]: Done (93.020s)! For help, type "help"
[13:30:24] [Server thread/INFO]: Unknown or incomplete command, see below for error
[13:30:24] [Server thread/INFO]: <--[HERE]
[13:30:24] [Server thread/INFO]: Unknown or incomplete command, see below for error
[13:30:24] [Server thread/INFO]: <--[HERE]
[13:30:24] [Server thread/INFO]: Unknown or incomplete command, see below for error
[13:30:24] [Server thread/INFO]: <--[HERE]
[13:30:24] [Server thread/INFO]: Unknown or incomplete command, see below for error
[13:30:24] [Server thread/INFO]: <--[HERE]
[13:30:24] [Server thread/INFO]: Unknown or incomplete command, see below for error
[13:30:24] [Server thread/INFO]: <--[HERE]
[13:30:24] [Server thread/INFO]: Unknown or incomplete command, see below for error
[13:30:24] [Server thread/INFO]: <--[HERE]
[13:30:24] [Server thread/INFO]: Unknown or incomplete command, see below for error
[13:30:24] [Server thread/INFO]: <--[HERE]
[13:30:24] [Server thread/INFO]: Unknown or incomplete command, see below for error
[13:30:24] [Server thread/INFO]: <--[HERE]
[13:30:24] [Server thread/INFO]: Unknown or incomplete command, see below for error
[13:30:24] [Server thread/INFO]: <--[HERE]
[13:30:24] [Server thread/INFO]: Unknown or incomplete command, see below for error
[13:30:24] [Server thread/INFO]: <--[HERE]
[13:30:24] [Server thread/INFO]: Unknown or incomplete command, see below for error
[13:30:24] [Server thread/INFO]: <--[HERE]
[13:30:24] [Server thread/INFO]: Unknown or incomplete command, see below for error
[13:30:24] [Server thread/INFO]: <--[HERE]
[13:30:24] [Server thread/INFO]: Unknown or incomplete command, see below for error
[13:30:24] [Server thread/INFO]: <--[HERE]
[13:30:24] [Server thread/INFO]: Unknown or incomplete command, see below for error
[13:30:24] [Server thread/INFO]: <--[HERE]
[13:30:24] [Server thread/INFO]: Unknown or incomplete command, see below for error
[13:30:24] [Server thread/INFO]: <--[HERE]
[13:30:24] [Server thread/INFO]: Unknown or incomplete command, see below for error
[13:30:24] [Server thread/INFO]: <--[HERE]
[13:30:24] [Server thread/INFO]: Unknown or incomplete command, see below for error
[13:30:24] [Server thread/INFO]: <--[HERE]
[13:30:24] [Server thread/INFO]: Unknown or incomplete command, see below for error
[13:30:24] [Server thread/INFO]: <--[HERE]
[13:30:24] [Server thread/INFO]: Unknown or incomplete command, see below for error
[13:30:24] [Server thread/INFO]: <--[HERE]
[13:30:24] [Server thread/INFO]: Unknown or incomplete command, see below for error
[13:30:24] [Server thread/INFO]: <--[HERE]
